<?xml version="1.0" encoding="UTF-8"?>
<testng-results ignored="0" total="1" passed="0" failed="1" skipped="0">
  <reporter-output>
  </reporter-output>
  <suite started-at="2023-11-29T12:58:07 IST" name="Default suite" finished-at="2023-11-29T12:58:20 IST" duration-ms="12986">
    <groups>
      <group name="cucumber">
        <method signature="AbstractTestNGCucumberTests.runScenario(io.cucumber.testng.PickleWrapper,io.cucumber.testng.FeatureWrapper)[pri:0, instance:runner.TestCucumberRunner@1040be71]" name="runScenario" class="io.cucumber.testng.AbstractTestNGCucumberTests"/>
      </group> <!-- cucumber -->
    </groups>
    <test started-at="2023-11-29T12:58:07 IST" name="Default test" finished-at="2023-11-29T12:58:20 IST" duration-ms="12986">
      <class name="runner.TestCucumberRunner">
        <test-method is-config="true" signature="setUpClass(org.testng.ITestContext)[pri:0, instance:runner.TestCucumberRunner@1040be71]" started-at="2023-11-29T12:58:07 IST" name="setUpClass" finished-at="2023-11-29T12:58:07 IST" duration-ms="204" status="PASS">
          <params>
            <param index="0">
              <value>
                <![CDATA[org.testng.TestRunner@13bdf540]]>
              </value>
            </param>
          </params>
          <reporter-output>
          </reporter-output>
        </test-method> <!-- setUpClass -->
        <test-method signature="runScenario(io.cucumber.testng.PickleWrapper,io.cucumber.testng.FeatureWrapper)[pri:0, instance:runner.TestCucumberRunner@1040be71]" started-at="2023-11-29T12:58:07 IST" name="runScenario" description="Runs Cucumber Scenarios" data-provider="scenarios" finished-at="2023-11-29T12:58:19 IST" duration-ms="12524" status="FAIL">
          <params>
            <param index="0">
              <value>
                <![CDATA["Adding new customer to project info"]]>
              </value>
            </param>
            <param index="1">
              <value>
                <![CDATA["Login an account in user website"]]>
              </value>
            </param>
          </params>
          <exception class="java.lang.AssertionError">
            <full-stacktrace>
              <![CDATA[java.lang.AssertionError
at org.junit.Assert.fail(Assert.java:87)
at org.junit.Assert.assertTrue(Assert.java:42)
at org.junit.Assert.assertTrue(Assert.java:53)
at stepDefinition.StepDefinitionOfWebsite.user_sees_the_added_customer_details(StepDefinitionOfWebsite.java:116)
at âœ½.user sees the added customer details(file:///C:/Users/vmalarvannan/Downloads/Venture_Vultures-OrangeHRM/src/test/resources/Feature/Time.feature:12)
]]>
            </full-stacktrace>
          </exception> <!-- java.lang.AssertionError -->
          <reporter-output>
          </reporter-output>
        </test-method> <!-- runScenario -->
        <test-method is-config="true" signature="tearDownClass()[pri:0, instance:runner.TestCucumberRunner@1040be71]" started-at="2023-11-29T12:58:19 IST" name="tearDownClass" finished-at="2023-11-29T12:58:20 IST" duration-ms="217" status="PASS">
          <reporter-output>
          </reporter-output>
        </test-method> <!-- tearDownClass -->
      </class> <!-- runner.TestCucumberRunner -->
    </test> <!-- Default test -->
  </suite> <!-- Default suite -->
</testng-results>
