<?xml version="1.0" encoding="UTF-8"?>
<!-- Generated by org.testng.reporters.JUnitReportReporter -->
<testsuite hostname="TMZ-DPC-2238" failures="1" tests="12" name="runner.CucumberRunner" time="217.787" errors="1" timestamp="2023-11-27T13:47:12 IST" skipped="0">
  <testcase classname="runner.CucumberRunner" name="runScenario" time="10.046"/>
  <testcase classname="runner.CucumberRunner" name="runScenario" time="14.164">
    <error message="element click intercepted: Element &lt;span class=&quot;oxd-switch-input oxd-switch-input--active --label-right&quot; data-v-8e4757dc=&quot;&quot;&gt;&lt;/span&gt; is not clickable at point (878, 435). Other element would receive the click: &lt;div class=&quot;oxd-form-loader&quot; data-v-d5bfe35b=&quot;&quot;&gt;...&lt;/div&gt;
  (Session info: chrome=114.0.5735.199)
Build info: version: &#039;4.14.1&#039;, revision: &#039;03f8ede370&#039;
System info: os.name: &#039;Windows 10&#039;, os.arch: &#039;amd64&#039;, os.version: &#039;10.0&#039;, java.version: &#039;17.0.7&#039;
Driver info: org.openqa.selenium.chrome.ChromeDriver
Command: [3890d3cb58c4b92ade0408a82b383ff6, clickElement {id=661F35AE24F788D9BD26EA8A2B7D42FB_element_51}]
Capabilities {acceptInsecureCerts: false, browserName: chrome, browserVersion: 114.0.5735.199, chrome: {chromedriverVersion: 114.0.5735.90 (386bc09e8f4f..., userDataDir: C:\Users\ARICHA~1\AppData\L...}, goog:chromeOptions: {debuggerAddress: localhost:64096}, networkConnectionEnabled: false, pageLoadStrategy: normal, platformName: windows, proxy: Proxy(), se:cdp: ws://localhost:64096/devtoo..., se:cdpVersion: 114.0.5735.199, setWindowRect: true, strictFileInteractability: false, timeouts: {implicit: 0, pageLoad: 300000, script: 30000}, unhandledPromptBehavior: dismiss and notify, webauthn:extension:credBlob: true, webauthn:extension:largeBlob: true, webauthn:extension:minPinLength: true, webauthn:extension:prf: true, webauthn:virtualAuthenticators: true}
Element: [[ChromeDriver: chrome on windows (3890d3cb58c4b92ade0408a82b383ff6)] -&gt; xpath: //span[@class=&#039;oxd-switch-input oxd-switch-input--active --label-right&#039;]]
Session ID: 3890d3cb58c4b92ade0408a82b383ff6" type="org.openqa.selenium.ElementClickInterceptedException">
      <![CDATA[org.openqa.selenium.ElementClickInterceptedException: element click intercepted: Element <span class="oxd-switch-input oxd-switch-input--active --label-right" data-v-8e4757dc=""></span> is not clickable at point (878, 435). Other element would receive the click: <div class="oxd-form-loader" data-v-d5bfe35b="">...</div>
  (Session info: chrome=114.0.5735.199)
Build info: version: '4.14.1', revision: '03f8ede370'
System info: os.name: 'Windows 10', os.arch: 'amd64', os.version: '10.0', java.version: '17.0.7'
Driver info: org.openqa.selenium.chrome.ChromeDriver
Command: [3890d3cb58c4b92ade0408a82b383ff6, clickElement {id=661F35AE24F788D9BD26EA8A2B7D42FB_element_51}]
Capabilities {acceptInsecureCerts: false, browserName: chrome, browserVersion: 114.0.5735.199, chrome: {chromedriverVersion: 114.0.5735.90 (386bc09e8f4f..., userDataDir: C:\Users\ARICHA~1\AppData\L...}, goog:chromeOptions: {debuggerAddress: localhost:64096}, networkConnectionEnabled: false, pageLoadStrategy: normal, platformName: windows, proxy: Proxy(), se:cdp: ws://localhost:64096/devtoo..., se:cdpVersion: 114.0.5735.199, setWindowRect: true, strictFileInteractability: false, timeouts: {implicit: 0, pageLoad: 300000, script: 30000}, unhandledPromptBehavior: dismiss and notify, webauthn:extension:credBlob: true, webauthn:extension:largeBlob: true, webauthn:extension:minPinLength: true, webauthn:extension:prf: true, webauthn:virtualAuthenticators: true}
Element: [[ChromeDriver: chrome on windows (3890d3cb58c4b92ade0408a82b383ff6)] -> xpath: //span[@class='oxd-switch-input oxd-switch-input--active --label-right']]
Session ID: 3890d3cb58c4b92ade0408a82b383ff6
at java.base/jdk.internal.reflect.NativeConstructorAccessorImpl.newInstance0(Native Method)
at java.base/jdk.internal.reflect.NativeConstructorAccessorImpl.newInstance(NativeConstructorAccessorImpl.java:77)
at java.base/jdk.internal.reflect.DelegatingConstructorAccessorImpl.newInstance(DelegatingConstructorAccessorImpl.java:45)
at java.base/java.lang.reflect.Constructor.newInstanceWithCaller(Constructor.java:499)
at java.base/java.lang.reflect.Constructor.newInstance(Constructor.java:480)
at org.openqa.selenium.remote.codec.w3c.W3CHttpResponseCodec.createException(W3CHttpResponseCodec.java:200)
at org.openqa.selenium.remote.codec.w3c.W3CHttpResponseCodec.decode(W3CHttpResponseCodec.java:133)
at org.openqa.selenium.remote.codec.w3c.W3CHttpResponseCodec.decode(W3CHttpResponseCodec.java:52)
at org.openqa.selenium.remote.HttpCommandExecutor.execute(HttpCommandExecutor.java:191)
at org.openqa.selenium.remote.service.DriverCommandExecutor.invokeExecute(DriverCommandExecutor.java:200)
at org.openqa.selenium.remote.service.DriverCommandExecutor.execute(DriverCommandExecutor.java:175)
at org.openqa.selenium.remote.RemoteWebDriver.execute(RemoteWebDriver.java:602)
at org.openqa.selenium.remote.RemoteWebElement.execute(RemoteWebElement.java:224)
at org.openqa.selenium.remote.RemoteWebElement.click(RemoteWebElement.java:77)
at jdk.internal.reflect.GeneratedMethodAccessor2.invoke(Unknown Source)
at java.base/jdk.internal.reflect.DelegatingMethodAccessorImpl.invoke(DelegatingMethodAccessorImpl.java:43)
at java.base/java.lang.reflect.Method.invoke(Method.java:568)
at org.openqa.selenium.support.pagefactory.internal.LocatingElementHandler.invoke(LocatingElementHandler.java:51)
at jdk.proxy2/jdk.proxy2.$Proxy38.click(Unknown Source)
at actions.PimActions.enable(PimActions.java:61)
at stepDefinition.StepDefinitionOfWebsite.user_fills_the_add_employee_details_using_sheetname_and_rownumber(StepDefinitionOfWebsite.java:279)
at ✽.User fills the add employee details using sheetname "sheet1" and rownumber 0(file:///C:/Final%20Project/Venture_Vultures/src/test/resources/Feature/PIM.feature:9)
]]>
    </error>
  </testcase> <!-- runScenario -->
  <testcase classname="runner.CucumberRunner" name="runScenario" time="10.881"/>
  <testcase classname="runner.CucumberRunner" name="runScenario" time="14.550"/>
  <testcase classname="runner.CucumberRunner" name="runScenario" time="49.232"/>
  <testcase classname="runner.CucumberRunner" name="runScenario" time="11.431"/>
  <testcase classname="runner.CucumberRunner" name="runScenario" time="12.366"/>
  <testcase classname="runner.CucumberRunner" name="runScenario" time="11.120"/>
  <testcase classname="runner.CucumberRunner" name="runScenario" time="18.849">
    <failure type="java.lang.AssertionError">
      <![CDATA[java.lang.AssertionError
at org.junit.Assert.fail(Assert.java:87)
at org.junit.Assert.assertTrue(Assert.java:42)
at org.junit.Assert.assertTrue(Assert.java:53)
at stepDefinition.StepDefinitionOfWebsite.user_sees_the_added_customer_details(StepDefinitionOfWebsite.java:109)
at ✽.user sees the added customer details(file:///C:/Final%20Project/Venture_Vultures/src/test/resources/Feature/Time.feature:12)
]]>
    </failure>
  </testcase> <!-- runScenario -->
  <testcase classname="runner.CucumberRunner" name="runScenario" time="19.722"/>
  <testcase classname="runner.CucumberRunner" name="runScenario" time="21.746"/>
  <testcase classname="runner.CucumberRunner" name="runScenario" time="23.680"/>
</testsuite> <!-- runner.CucumberRunner -->
