<?xml version="1.0" encoding="UTF-8"?>
<!-- Generated by org.testng.reporters.JUnitReportReporter -->
<testsuite hostname="TMZ-DPC-2238" failures="2" tests="12" name="runner.TestCucumberRunner" time="248.610" errors="0" timestamp="2023-11-28T10:57:19 IST" skipped="0">
  <testcase classname="runner.TestCucumberRunner" name="runScenario" time="10.219"/>
  <testcase classname="runner.TestCucumberRunner" name="runScenario" time="14.758"/>
  <testcase classname="runner.TestCucumberRunner" name="runScenario" time="18.660"/>
  <testcase classname="runner.TestCucumberRunner" name="runScenario" time="14.204"/>
  <testcase classname="runner.TestCucumberRunner" name="runScenario" time="8.844"/>
  <testcase classname="runner.TestCucumberRunner" name="runScenario" time="20.392">
    <failure type="java.lang.AssertionError">
      <![CDATA[java.lang.AssertionError
at org.junit.Assert.fail(Assert.java:87)
at org.junit.Assert.assertTrue(Assert.java:42)
at org.junit.Assert.assertTrue(Assert.java:53)
at stepDefinition.StepDefinitionOfWebsite.user_is_able_to_see_the_new_employee_added_details(StepDefinitionOfWebsite.java:286)
at ✽.User is able to see the new employee added details(file:///C:/Final%20Project/Venture_Vultures/src/test/resources/Feature/PIM.feature:10)
]]>
    </failure>
  </testcase> <!-- runScenario -->
  <testcase classname="runner.TestCucumberRunner" name="runScenario" time="51.063"/>
  <testcase classname="runner.TestCucumberRunner" name="runScenario" time="20.993">
    <failure type="java.lang.AssertionError">
      <![CDATA[java.lang.AssertionError
at org.junit.Assert.fail(Assert.java:87)
at org.junit.Assert.assertTrue(Assert.java:42)
at org.junit.Assert.assertTrue(Assert.java:53)
at stepDefinition.StepDefinitionOfWebsite.user_sees_the_added_customer_details(StepDefinitionOfWebsite.java:109)
at ✽.user sees the added customer details(file:///C:/Final%20Project/Venture_Vultures/src/test/resources/Feature/Time.feature:12)
]]>
    </failure>
  </testcase> <!-- runScenario -->
  <testcase classname="runner.TestCucumberRunner" name="runScenario" time="19.836"/>
  <testcase classname="runner.TestCucumberRunner" name="runScenario" time="46.827"/>
  <testcase classname="runner.TestCucumberRunner" name="runScenario" time="8.752"/>
  <testcase classname="runner.TestCucumberRunner" name="runScenario" time="14.062"/>
</testsuite> <!-- runner.TestCucumberRunner -->
